build/app/intermediates/manifest_merge_blame_file/debug/manifest-merger-blame-debug-report.txt
1<?xml version="1.0" encoding="utf-8"?>
2<manifest xmlns:android="http://schemas.android.com/apk/res/android"
3    package="com.artc.bidder"
4    android:versionCode="1"
5    android:versionName="1.0.0" >
6
7    <uses-sdk
8        android:minSdkVersion="21"
9        android:targetSdkVersion="28" />
10    <!--
11         Flutter needs it to communicate with the running application
12         to allow setting breakpoints, to provide hot reload, etc.
13    -->
14    <uses-permission android:name="android.permission.INTERNET" />
14-->src/main/AndroidManifest.xml:9:5-67
14-->src/main/AndroidManifest.xml:9:22-64
15    <uses-permission android:name="android.permission.ACCESS_NETWORK_STATE" />
15-->src/main/AndroidManifest.xml:10:5-79
15-->src/main/AndroidManifest.xml:10:22-76
16    <uses-permission android:name="android.permission.ACCESS_WIFI_STATE" />
16-->src/main/AndroidManifest.xml:11:5-76
16-->src/main/AndroidManifest.xml:11:22-73
17    <uses-permission android:name="android.permission.READ_PHONE_STATE" />
17-->src/main/AndroidManifest.xml:12:5-75
17-->src/main/AndroidManifest.xml:12:22-72
18    <uses-permission android:name="android.permission.WRITE_EXTERNAL_STORAGE" />
18-->src/main/AndroidManifest.xml:13:5-81
18-->src/main/AndroidManifest.xml:13:22-78
19    <uses-permission android:name="android.permission.READ_EXTERNAL_STORAGE" />
20    <uses-permission android:name="android.permission.CAMERA" />
20-->[:camera] AndroidManifest.xml:7:5-65
20-->[:camera] AndroidManifest.xml:7:22-62
21    <uses-permission android:name="android.permission.RECORD_AUDIO" />
21-->[:camera] AndroidManifest.xml:8:5-71
21-->[:camera] AndroidManifest.xml:8:22-68
22
23    <application
23-->src/main/AndroidManifest.xml:15:5-39:19
24        android:name="io.flutter.app.FlutterApplication"
24-->src/main/AndroidManifest.xml:16:9-57
25        android:appComponentFactory="androidx.core.app.CoreComponentFactory"
25-->[androidx.core:core:1.1.0] AndroidManifest.xml:24:18-86
26        android:debuggable="true"
27        android:icon="@mipmap/ic_launcher"
27-->src/main/AndroidManifest.xml:19:9-43
28        android:label="Bidder"
28-->src/main/AndroidManifest.xml:17:9-31
29        android:usesCleartextTraffic="true" >
29-->src/main/AndroidManifest.xml:18:9-44
30        <activity
30-->src/main/AndroidManifest.xml:20:9-31:20
31            android:name="com.artc.bidder.MainActivity"
31-->src/main/AndroidManifest.xml:21:13-41
32            android:configChanges="orientation|keyboardHidden|keyboard|screenSize|smallestScreenSize|locale|layoutDirection|fontScale|screenLayout|density|uiMode"
32-->src/main/AndroidManifest.xml:24:13-163
33            android:hardwareAccelerated="true"
33-->src/main/AndroidManifest.xml:25:13-47
34            android:launchMode="singleTop"
34-->src/main/AndroidManifest.xml:22:13-43
35            android:theme="@style/LaunchTheme"
35-->src/main/AndroidManifest.xml:23:13-47
36            android:windowSoftInputMode="adjustResize" >
36-->src/main/AndroidManifest.xml:26:13-55
37            <intent-filter>
37-->src/main/AndroidManifest.xml:27:13-30:29
38                <action android:name="android.intent.action.MAIN" />
38-->src/main/AndroidManifest.xml:28:17-68
38-->src/main/AndroidManifest.xml:28:25-66
39
40                <category android:name="android.intent.category.LAUNCHER" />
40-->src/main/AndroidManifest.xml:29:17-76
40-->src/main/AndroidManifest.xml:29:27-74
41            </intent-filter>
42        </activity>
43        <activity
43-->src/main/AndroidManifest.xml:33:9-162
44            android:name="com.yalantis.ucrop.UCropActivity"
44-->src/main/AndroidManifest.xml:33:19-66
45            android:screenOrientation="portrait"
45-->src/main/AndroidManifest.xml:33:67-103
46            android:theme="@style/Theme.AppCompat.Light.NoActionBar" />
46-->src/main/AndroidManifest.xml:33:104-160
47        <!--
48             Don't delete the meta-data below.
49             This is used by the Flutter tool to generate GeneratedPluginRegistrant.java
50        -->
51        <meta-data
51-->src/main/AndroidManifest.xml:36:9-38:33
52            android:name="flutterEmbedding"
52-->src/main/AndroidManifest.xml:37:13-44
53            android:value="2" />
53-->src/main/AndroidManifest.xml:38:13-30
54
55        <provider
55-->[:image_picker] AndroidManifest.xml:11:9-19:20
56            android:name="io.flutter.plugins.imagepicker.ImagePickerFileProvider"
56-->[:image_picker] AndroidManifest.xml:12:13-82
57            android:authorities="com.artc.bidder.flutter.image_provider"
57-->[:image_picker] AndroidManifest.xml:13:13-74
58            android:exported="false"
58-->[:image_picker] AndroidManifest.xml:14:13-37
59            android:grantUriPermissions="true" >
59-->[:image_picker] AndroidManifest.xml:15:13-47
60            <meta-data
60-->[:image_picker] AndroidManifest.xml:16:13-18:75
61                android:name="android.support.FILE_PROVIDER_PATHS"
61-->[:image_picker] AndroidManifest.xml:17:17-67
62                android:resource="@xml/flutter_image_picker_file_paths" />
62-->[:image_picker] AndroidManifest.xml:18:17-72
63        </provider>
64        <provider
64-->[:flutter_webview_plugin] AndroidManifest.xml:9:9-18:20
65            android:name="androidx.core.content.FileProvider"
65-->[:flutter_webview_plugin] AndroidManifest.xml:10:13-62
66            android:authorities="com.artc.bidder.fileprovider"
66-->[:flutter_webview_plugin] AndroidManifest.xml:11:13-64
67            android:exported="false"
67-->[:flutter_webview_plugin] AndroidManifest.xml:12:13-37
68            android:grantUriPermissions="true" >
68-->[:flutter_webview_plugin] AndroidManifest.xml:13:13-47
69            <meta-data
69-->[:image_picker] AndroidManifest.xml:16:13-18:75
70                android:name="android.support.FILE_PROVIDER_PATHS"
70-->[:image_picker] AndroidManifest.xml:17:17-67
71                android:resource="@xml/filepaths" />
71-->[:image_picker] AndroidManifest.xml:18:17-72
72        </provider>
73
74        <activity
74-->[:url_launcher] AndroidManifest.xml:8:9-11:74
75            android:name="io.flutter.plugins.urllauncher.WebViewActivity"
75-->[:url_launcher] AndroidManifest.xml:9:13-74
76            android:exported="false"
76-->[:url_launcher] AndroidManifest.xml:10:13-37
77            android:theme="@android:style/Theme.NoTitleBar.Fullscreen" />
77-->[:url_launcher] AndroidManifest.xml:11:13-71
78        <activity
78-->[:fluwx] AndroidManifest.xml:12:9-15:58
79            android:name="com.jarvan.fluwx.wxapi.WXEntryActivity"
79-->[:fluwx] AndroidManifest.xml:13:13-66
80            android:launchMode="singleTask"
80-->[:fluwx] AndroidManifest.xml:14:13-44
81            android:theme="@style/DisablePreviewTheme" />
81-->[:fluwx] AndroidManifest.xml:15:13-55
82
83        <activity-alias
83-->[:fluwx] AndroidManifest.xml:17:9-30:26
84            android:name="com.artc.bidder.wxapi.WXEntryActivity"
84-->[:fluwx] AndroidManifest.xml:18:13-66
85            android:exported="true"
85-->[:fluwx] AndroidManifest.xml:19:13-36
86            android:launchMode="singleTop"
86-->[:fluwx] AndroidManifest.xml:20:13-43
87            android:targetActivity="com.jarvan.fluwx.wxapi.WXEntryActivity"
87-->[:fluwx] AndroidManifest.xml:21:13-76
88            android:theme="@style/DisablePreviewTheme" >
88-->[:fluwx] AndroidManifest.xml:22:13-55
89            <intent-filter>
89-->[:fluwx] AndroidManifest.xml:23:13-29:29
90                <action android:name="android.intent.action.VIEW" />
90-->[:fluwx] AndroidManifest.xml:24:17-69
90-->[:fluwx] AndroidManifest.xml:24:25-66
91
92                <category android:name="android.intent.category.DEFAULT" />
92-->[:fluwx] AndroidManifest.xml:26:17-76
92-->[:fluwx] AndroidManifest.xml:26:27-73
93
94                <data android:scheme="sdksample" />
94-->[:fluwx] AndroidManifest.xml:28:17-52
94-->[:fluwx] AndroidManifest.xml:28:23-49
95            </intent-filter>
96        </activity-alias>
97
98        <activity
98-->[:fluwx] AndroidManifest.xml:32:9-35:58
99            android:name="com.jarvan.fluwx.wxapi.WXPayEntryActivity"
99-->[:fluwx] AndroidManifest.xml:33:13-69
100            android:launchMode="singleTask"
100-->[:fluwx] AndroidManifest.xml:34:13-44
101            android:theme="@style/DisablePreviewTheme" />
101-->[:fluwx] AndroidManifest.xml:35:13-55
102
103        <activity-alias
103-->[:fluwx] AndroidManifest.xml:37:9-50:26
104            android:name="com.artc.bidder.wxapi.WXPayEntryActivity"
104-->[:fluwx] AndroidManifest.xml:38:13-69
105            android:exported="true"
105-->[:fluwx] AndroidManifest.xml:39:13-36
106            android:launchMode="singleInstance"
106-->[:fluwx] AndroidManifest.xml:40:13-48
107            android:targetActivity="com.jarvan.fluwx.wxapi.WXPayEntryActivity"
107-->[:fluwx] AndroidManifest.xml:41:13-79
108            android:theme="@style/DisablePreviewTheme" >
108-->[:fluwx] AndroidManifest.xml:42:13-55
109            <intent-filter>
109-->[:fluwx] AndroidManifest.xml:23:13-29:29
110                <action android:name="android.intent.action.VIEW" />
110-->[:fluwx] AndroidManifest.xml:24:17-69
110-->[:fluwx] AndroidManifest.xml:24:25-66
111
112                <category android:name="android.intent.category.DEFAULT" />
112-->[:fluwx] AndroidManifest.xml:26:17-76
112-->[:fluwx] AndroidManifest.xml:26:27-73
113
114                <data android:scheme="sdksample" />
114-->[:fluwx] AndroidManifest.xml:28:17-52
114-->[:fluwx] AndroidManifest.xml:28:23-49
115            </intent-filter>
116        </activity-alias>
117    </application>
118
119</manifest>